<?xml version="1.0" encoding="UTF-8" standalone="no"?><testsuite errors="0" failures="0" name="Register" skipped="0" tests="8" time="54.97" timestamp="2023-05-08 10:58:35"><testcase name="Success register"/><testcase name="Failed register with invalid email"/><testcase name="Failed register with already used email"/><testcase name="Failed register with does not exist email"/><testcase name="Failed register with not fill all"/><testcase name="Failed register with not fill full name"/><testcase name="Failed register with not fill email"/><testcase name="Failed register with not fill password"/></testsuite>