<?xml version="1.0" encoding="UTF-8" standalone="no"?><testsuite errors="0" failures="0" name="HomePage" skipped="0" tests="8" time="78.47" timestamp="2023-05-08 11:00:11"><testcase name="Add one product in cart"/><testcase name="Add two identical in cart"/><testcase name="Add two different in cart"/><testcase name="Add three identical in cart"/><testcase name="Add three different in cart"/><testcase name="See detail product 1"/><testcase name="See detail product 2"/><testcase name="See detail product 3"/></testsuite>